  [1m[35m (0.3ms)[0m  [1m[34mSELECT "schema_migrations"."version" FROM "schema_migrations" ORDER BY "schema_migrations"."version" ASC[0m
Migrating to CreateHorarios (20181109194248)
  [1m[35m (0.1ms)[0m  [1m[36mbegin transaction[0m
  [1m[35m (0.1ms)[0m  [1m[34mSELECT sqlite_version(*)[0m
  [1m[35m (0.3ms)[0m  [1m[35mCREATE TABLE "horarios" ("id" INTEGER PRIMARY KEY AUTOINCREMENT NOT NULL, "hora_disponible" datetime, "apartada" boolean DEFAULT 'f', "sede" varchar, "nutriologo_id" integer, "created_at" datetime NOT NULL, "updated_at" datetime NOT NULL)[0m
  [1m[35m (0.0ms)[0m  [1m[31mrollback transaction[0m
  [1m[35m (0.2ms)[0m  [1m[34mSELECT "schema_migrations"."version" FROM "schema_migrations" ORDER BY "schema_migrations"."version" ASC[0m
  [1m[35m (0.3ms)[0m  [1m[34mSELECT "ar_internal_metadata"."value" FROM "ar_internal_metadata" WHERE "ar_internal_metadata"."key" = ?[0m  [["key", "environment"]]
  [1m[36mActiveRecord::InternalMetadata Load (0.2ms)[0m  [1m[34mSELECT  "ar_internal_metadata".* FROM "ar_internal_metadata" WHERE "ar_internal_metadata"."key" = ? LIMIT ?[0m  [["key", "environment"], ["LIMIT", 1]]
  [1m[35m (0.1ms)[0m  [1m[36mbegin transaction[0m
  [1m[35mSQL (12.1ms)[0m  [1m[32mINSERT INTO "ar_internal_metadata" ("key", "value", "created_at", "updated_at") VALUES (?, ?, ?, ?)[0m  [["key", "environment"], ["value", "development"], ["created_at", "2018-11-09 19:45:10.111987"], ["updated_at", "2018-11-09 19:45:10.111987"]]
  [1m[35m (108.4ms)[0m  [1m[36mcommit transaction[0m
  [1m[35m (0.2ms)[0m  [1m[34mSELECT "schema_migrations"."version" FROM "schema_migrations" ORDER BY "schema_migrations"."version" ASC[0m
  [1m[35m (0.2ms)[0m  [1m[34mSELECT "ar_internal_metadata"."value" FROM "ar_internal_metadata" WHERE "ar_internal_metadata"."key" = ?[0m  [["key", "environment"]]
  [1m[35m (0.1ms)[0m  [1m[34mSELECT "schema_migrations"."version" FROM "schema_migrations" ORDER BY "schema_migrations"."version" ASC[0m
  [1m[35m (0.1ms)[0m  [1m[34mSELECT "ar_internal_metadata"."value" FROM "ar_internal_metadata" WHERE "ar_internal_metadata"."key" = ?[0m  [["key", "environment"]]
  [1m[35m (0.1ms)[0m  [1m[34mSELECT "schema_migrations"."version" FROM "schema_migrations" ORDER BY "schema_migrations"."version" ASC[0m
  [1m[35m (0.1ms)[0m  [1m[34mSELECT "ar_internal_metadata"."value" FROM "ar_internal_metadata" WHERE "ar_internal_metadata"."key" = ?[0m  [["key", "environment"]]
  [1m[35m (0.2ms)[0m  [1m[34mSELECT sqlite_version(*)[0m
  [1m[35m (27.5ms)[0m  [1m[35mCREATE TABLE "schema_migrations" ("version" varchar NOT NULL PRIMARY KEY)[0m
  [1m[35m (12.6ms)[0m  [1m[35mCREATE TABLE "ar_internal_metadata" ("key" varchar NOT NULL PRIMARY KEY, "value" varchar, "created_at" datetime NOT NULL, "updated_at" datetime NOT NULL)[0m
  [1m[35m (0.2ms)[0m  [1m[34mSELECT "schema_migrations"."version" FROM "schema_migrations" ORDER BY "schema_migrations"."version" ASC[0m
Migrating to DeviseCreateUsers (20181017200711)
  [1m[35m (0.1ms)[0m  [1m[36mbegin transaction[0m
  [1m[35m (8.2ms)[0m  [1m[35mCREATE TABLE "users" ("id" INTEGER PRIMARY KEY AUTOINCREMENT NOT NULL, "username" varchar DEFAULT '' NOT NULL, "encrypted_password" varchar DEFAULT '' NOT NULL, "reset_password_token" varchar, "reset_password_sent_at" datetime, "remember_created_at" datetime, "created_at" datetime NOT NULL, "updated_at" datetime NOT NULL)[0m
  [1m[35m (0.2ms)[0m  [1m[35mCREATE UNIQUE INDEX "index_users_on_username" ON "users" ("username")[0m
  [1m[35m (0.1ms)[0m  [1m[34m            SELECT sql
            FROM sqlite_master
            WHERE name='index_users_on_username' AND type='index'
            UNION ALL
            SELECT sql
            FROM sqlite_temp_master
            WHERE name='index_users_on_username' AND type='index'
[0m
  [1m[35m (0.2ms)[0m  [1m[35mCREATE UNIQUE INDEX "index_users_on_reset_password_token" ON "users" ("reset_password_token")[0m
  [1m[35mSQL (5.7ms)[0m  [1m[32mINSERT INTO "schema_migrations" ("version") VALUES (?)[0m  [["version", "20181017200711"]]
  [1m[35m (17.8ms)[0m  [1m[36mcommit transaction[0m
Migrating to DeviseCreateNutriologos (20181018191943)
  [1m[35m (0.1ms)[0m  [1m[36mbegin transaction[0m
  [1m[35m (1.2ms)[0m  [1m[35mCREATE TABLE "nutriologos" ("id" INTEGER PRIMARY KEY AUTOINCREMENT NOT NULL, "username" varchar DEFAULT '' NOT NULL, "encrypted_password" varchar DEFAULT '' NOT NULL, "reset_password_token" varchar, "reset_password_sent_at" datetime, "remember_created_at" datetime, "created_at" datetime NOT NULL, "updated_at" datetime NOT NULL)[0m
  [1m[35m (0.2ms)[0m  [1m[35mCREATE UNIQUE INDEX "index_nutriologos_on_username" ON "nutriologos" ("username")[0m
  [1m[35m (0.1ms)[0m  [1m[34m            SELECT sql
            FROM sqlite_master
            WHERE name='index_nutriologos_on_username' AND type='index'
            UNION ALL
            SELECT sql
            FROM sqlite_temp_master
            WHERE name='index_nutriologos_on_username' AND type='index'
[0m
  [1m[35m (0.2ms)[0m  [1m[35mCREATE UNIQUE INDEX "index_nutriologos_on_reset_password_token" ON "nutriologos" ("reset_password_token")[0m
  [1m[35mSQL (7.8ms)[0m  [1m[32mINSERT INTO "schema_migrations" ("version") VALUES (?)[0m  [["version", "20181018191943"]]
  [1m[35m (5.7ms)[0m  [1m[36mcommit transaction[0m
Migrating to DeviseCreatePacientes (20181019182420)
  [1m[35m (0.1ms)[0m  [1m[36mbegin transaction[0m
  [1m[35m (3.3ms)[0m  [1m[35mCREATE TABLE "pacientes" ("id" INTEGER PRIMARY KEY AUTOINCREMENT NOT NULL, "username" varchar DEFAULT '' NOT NULL, "encrypted_password" varchar DEFAULT '' NOT NULL, "reset_password_token" varchar, "reset_password_sent_at" datetime, "remember_created_at" datetime, "created_at" datetime NOT NULL, "updated_at" datetime NOT NULL)[0m
  [1m[35m (0.1ms)[0m  [1m[35mCREATE UNIQUE INDEX "index_pacientes_on_username" ON "pacientes" ("username")[0m
  [1m[35m (0.1ms)[0m  [1m[34m            SELECT sql
            FROM sqlite_master
            WHERE name='index_pacientes_on_username' AND type='index'
            UNION ALL
            SELECT sql
            FROM sqlite_temp_master
            WHERE name='index_pacientes_on_username' AND type='index'
[0m
  [1m[35m (0.2ms)[0m  [1m[35mCREATE UNIQUE INDEX "index_pacientes_on_reset_password_token" ON "pacientes" ("reset_password_token")[0m
  [1m[35mSQL (5.5ms)[0m  [1m[32mINSERT INTO "schema_migrations" ("version") VALUES (?)[0m  [["version", "20181019182420"]]
  [1m[35m (14.6ms)[0m  [1m[36mcommit transaction[0m
Migrating to CreateSesions (20181019190030)
  [1m[35m (0.1ms)[0m  [1m[36mbegin transaction[0m
  [1m[35m (6.5ms)[0m  [1m[35mCREATE TABLE "sesions" ("id" INTEGER PRIMARY KEY AUTOINCREMENT NOT NULL, "peso" float, "estatura" float, "grasa" float, "musculo" float, "agua" float, "imc" float, "grasa_vis" float, "edad_metabolica" integer, "hora" varchar, "fecha" date, "paciente_id" integer, "nutriologo_id" integer, "created_at" datetime NOT NULL, "updated_at" datetime NOT NULL)[0m
  [1m[35m (0.3ms)[0m  [1m[35mCREATE  INDEX "index_sesions_on_paciente_id" ON "sesions" ("paciente_id")[0m
  [1m[35m (0.1ms)[0m  [1m[34m            SELECT sql
            FROM sqlite_master
            WHERE name='index_sesions_on_paciente_id' AND type='index'
            UNION ALL
            SELECT sql
            FROM sqlite_temp_master
            WHERE name='index_sesions_on_paciente_id' AND type='index'
[0m
  [1m[35m (0.2ms)[0m  [1m[35mCREATE  INDEX "index_sesions_on_nutriologo_id" ON "sesions" ("nutriologo_id")[0m
  [1m[35mSQL (1.4ms)[0m  [1m[32mINSERT INTO "schema_migrations" ("version") VALUES (?)[0m  [["version", "20181019190030"]]
  [1m[35m (7.3ms)[0m  [1m[36mcommit transaction[0m
Migrating to TablaMetas (20181106210240)
  [1m[35m (0.1ms)[0m  [1m[36mbegin transaction[0m
  [1m[35m (1.4ms)[0m  [1m[35mCREATE TABLE "metas" ("id" INTEGER PRIMARY KEY AUTOINCREMENT NOT NULL, "meta" varchar, "cumplida" boolean DEFAULT 'f', "sesions_id" integer, "paciente_id" integer, "created_at" datetime NOT NULL, "updated_at" datetime NOT NULL)[0m
  [1m[35m (0.2ms)[0m  [1m[35mCREATE  INDEX "index_metas_on_sesions_id" ON "metas" ("sesions_id")[0m
  [1m[35m (0.1ms)[0m  [1m[34m            SELECT sql
            FROM sqlite_master
            WHERE name='index_metas_on_sesions_id' AND type='index'
            UNION ALL
            SELECT sql
            FROM sqlite_temp_master
            WHERE name='index_metas_on_sesions_id' AND type='index'
[0m
  [1m[35m (0.1ms)[0m  [1m[35mCREATE  INDEX "index_metas_on_paciente_id" ON "metas" ("paciente_id")[0m
  [1m[35mSQL (1.2ms)[0m  [1m[32mINSERT INTO "schema_migrations" ("version") VALUES (?)[0m  [["version", "20181106210240"]]
  [1m[35m (19.1ms)[0m  [1m[36mcommit transaction[0m
Migrating to CreateHorarios (20181109194248)
  [1m[35m (0.1ms)[0m  [1m[36mbegin transaction[0m
  [1m[35m (2.0ms)[0m  [1m[35mCREATE TABLE "horarios" ("id" INTEGER PRIMARY KEY AUTOINCREMENT NOT NULL, "hora_disponible" datetime, "apartada" boolean DEFAULT 'f', "sede" varchar, "nutriologo_id" integer, "created_at" datetime NOT NULL, "updated_at" datetime NOT NULL)[0m
  [1m[35m (0.2ms)[0m  [1m[35mCREATE  INDEX "index_horarios_on_nutriologo_id" ON "horarios" ("nutriologo_id")[0m
  [1m[35mSQL (0.2ms)[0m  [1m[32mINSERT INTO "schema_migrations" ("version") VALUES (?)[0m  [["version", "20181109194248"]]
  [1m[35m (5.8ms)[0m  [1m[36mcommit transaction[0m
  [1m[36mActiveRecord::InternalMetadata Load (0.2ms)[0m  [1m[34mSELECT  "ar_internal_metadata".* FROM "ar_internal_metadata" WHERE "ar_internal_metadata"."key" = ? LIMIT ?[0m  [["key", "environment"], ["LIMIT", 1]]
  [1m[35m (0.1ms)[0m  [1m[36mbegin transaction[0m
  [1m[35mSQL (1.0ms)[0m  [1m[32mINSERT INTO "ar_internal_metadata" ("key", "value", "created_at", "updated_at") VALUES (?, ?, ?, ?)[0m  [["key", "environment"], ["value", "development"], ["created_at", "2018-11-09 19:45:38.449127"], ["updated_at", "2018-11-09 19:45:38.449127"]]
  [1m[35m (15.0ms)[0m  [1m[36mcommit transaction[0m
  [1m[35m (0.1ms)[0m  [1m[34mSELECT "schema_migrations"."version" FROM "schema_migrations" ORDER BY "schema_migrations"."version" ASC[0m
  [1m[35m (0.1ms)[0m  [1m[34m            SELECT sql
            FROM sqlite_master
            WHERE name='index_horarios_on_nutriologo_id' AND type='index'
            UNION ALL
            SELECT sql
            FROM sqlite_temp_master
            WHERE name='index_horarios_on_nutriologo_id' AND type='index'
[0m
  [1m[35m (0.1ms)[0m  [1m[34m            SELECT sql
            FROM sqlite_master
            WHERE name='index_metas_on_paciente_id' AND type='index'
            UNION ALL
            SELECT sql
            FROM sqlite_temp_master
            WHERE name='index_metas_on_paciente_id' AND type='index'
[0m
  [1m[35m (0.2ms)[0m  [1m[34m            SELECT sql
            FROM sqlite_master
            WHERE name='index_metas_on_sesions_id' AND type='index'
            UNION ALL
            SELECT sql
            FROM sqlite_temp_master
            WHERE name='index_metas_on_sesions_id' AND type='index'
[0m
  [1m[35m (0.1ms)[0m  [1m[34m            SELECT sql
            FROM sqlite_master
            WHERE name='index_nutriologos_on_reset_password_token' AND type='index'
            UNION ALL
            SELECT sql
            FROM sqlite_temp_master
            WHERE name='index_nutriologos_on_reset_password_token' AND type='index'
[0m
  [1m[35m (2.8ms)[0m  [1m[34m            SELECT sql
            FROM sqlite_master
            WHERE name='index_nutriologos_on_username' AND type='index'
            UNION ALL
            SELECT sql
            FROM sqlite_temp_master
            WHERE name='index_nutriologos_on_username' AND type='index'
[0m
  [1m[35m (0.1ms)[0m  [1m[34m            SELECT sql
            FROM sqlite_master
            WHERE name='index_pacientes_on_reset_password_token' AND type='index'
            UNION ALL
            SELECT sql
            FROM sqlite_temp_master
            WHERE name='index_pacientes_on_reset_password_token' AND type='index'
[0m
  [1m[35m (0.1ms)[0m  [1m[34m            SELECT sql
            FROM sqlite_master
            WHERE name='index_pacientes_on_username' AND type='index'
            UNION ALL
            SELECT sql
            FROM sqlite_temp_master
            WHERE name='index_pacientes_on_username' AND type='index'
[0m
  [1m[35m (0.2ms)[0m  [1m[34m            SELECT sql
            FROM sqlite_master
            WHERE name='index_sesions_on_nutriologo_id' AND type='index'
            UNION ALL
            SELECT sql
            FROM sqlite_temp_master
            WHERE name='index_sesions_on_nutriologo_id' AND type='index'
[0m
  [1m[35m (0.1ms)[0m  [1m[34m            SELECT sql
            FROM sqlite_master
            WHERE name='index_sesions_on_paciente_id' AND type='index'
            UNION ALL
            SELECT sql
            FROM sqlite_temp_master
            WHERE name='index_sesions_on_paciente_id' AND type='index'
[0m
  [1m[35m (0.1ms)[0m  [1m[34m            SELECT sql
            FROM sqlite_master
            WHERE name='index_users_on_reset_password_token' AND type='index'
            UNION ALL
            SELECT sql
            FROM sqlite_temp_master
            WHERE name='index_users_on_reset_password_token' AND type='index'
[0m
  [1m[35m (0.1ms)[0m  [1m[34m            SELECT sql
            FROM sqlite_master
            WHERE name='index_users_on_username' AND type='index'
            UNION ALL
            SELECT sql
            FROM sqlite_temp_master
            WHERE name='index_users_on_username' AND type='index'
[0m
Started GET "/" for 127.0.0.1 at 2018-11-09 13:46:12 -0600
  [1m[35m (0.2ms)[0m  [1m[34mSELECT "schema_migrations"."version" FROM "schema_migrations" ORDER BY "schema_migrations"."version" ASC[0m
Processing by HomePageController#home as HTML
  Rendering home_page/home.html.erb within layouts/application
  Rendered home_page/home.html.erb within layouts/application (3.5ms)
  [1m[36mUser Load (8.5ms)[0m  [1m[34mSELECT  "users".* FROM "users" WHERE "users"."id" = ? ORDER BY "users"."id" ASC LIMIT ?[0m  [["id", 1], ["LIMIT", 1]]
  [1m[36mPaciente Load (0.2ms)[0m  [1m[34mSELECT  "pacientes".* FROM "pacientes" WHERE "pacientes"."id" = ? ORDER BY "pacientes"."id" ASC LIMIT ?[0m  [["id", 1], ["LIMIT", 1]]
Completed 200 OK in 2415ms (Views: 2359.5ms | ActiveRecord: 10.2ms)


Started GET "/users/sign_in" for 127.0.0.1 at 2018-11-09 13:46:18 -0600
Processing by Devise::SessionsController#new as HTML
  Rendering users/sessions/new.html.erb within layouts/application
  Rendered users/shared/_links.html.erb (1.1ms)
  Rendered users/sessions/new.html.erb within layouts/application (97.0ms)
Completed 200 OK in 278ms (Views: 234.8ms | ActiveRecord: 0.0ms)


Started POST "/users/sign_in" for 127.0.0.1 at 2018-11-09 13:46:22 -0600
Processing by Devise::SessionsController#create as HTML
  Parameters: {"utf8"=>"✓", "authenticity_token"=>"zu6NsLIgwS3VSvRIqwhuESlZpHMbNQd0L0GZLLnQuTTUL81MkFsbGyIRR4tmRT2yu8pNB2BF06IRlTW+1IHu4w==", "user"=>{"username"=>"MartinAdmin", "password"=>"[FILTERED]", "remember_me"=>"0"}, "commit"=>"Log in"}
  [1m[36mUser Load (0.3ms)[0m  [1m[34mSELECT  "users".* FROM "users" WHERE "users"."username" = ? ORDER BY "users"."id" ASC LIMIT ?[0m  [["username", "MartinAdmin"], ["LIMIT", 1]]
Completed 401 Unauthorized in 15ms (ActiveRecord: 0.3ms)


Processing by Devise::SessionsController#new as HTML
  Parameters: {"utf8"=>"✓", "authenticity_token"=>"zu6NsLIgwS3VSvRIqwhuESlZpHMbNQd0L0GZLLnQuTTUL81MkFsbGyIRR4tmRT2yu8pNB2BF06IRlTW+1IHu4w==", "user"=>{"username"=>"MartinAdmin", "password"=>"[FILTERED]", "remember_me"=>"0"}, "commit"=>"Log in"}
  Rendering users/sessions/new.html.erb within layouts/application
  Rendered users/shared/_links.html.erb (13.6ms)
  Rendered users/sessions/new.html.erb within layouts/application (17.1ms)
Completed 200 OK in 648ms (Views: 299.0ms | ActiveRecord: 0.0ms)


Started GET "/users/sign_up" for 127.0.0.1 at 2018-11-09 13:46:25 -0600
Processing by Devise::RegistrationsController#new as HTML
  Rendering users/registrations/new.html.erb within layouts/application
  Rendered users/shared/_links.html.erb (0.8ms)
  Rendered users/registrations/new.html.erb within layouts/application (3.8ms)
Completed 200 OK in 436ms (Views: 434.9ms | ActiveRecord: 0.0ms)


Started POST "/users" for 127.0.0.1 at 2018-11-09 13:46:30 -0600
Processing by Devise::RegistrationsController#create as HTML
  Parameters: {"utf8"=>"✓", "authenticity_token"=>"+u5qexS59rc5N4Jjnxb56jLA/bET2M9H1OmsmpjZdij6pm0Q0tC9Nb7iY2VnHORJXUWGExLTbz01koW49VNCpg==", "user"=>{"username"=>"MartinAdmin", "password"=>"[FILTERED]", "password_confirmation"=>"[FILTERED]"}, "commit"=>"Sign up"}
  [1m[35m (0.1ms)[0m  [1m[36mbegin transaction[0m
  [1m[35mSQL (14.2ms)[0m  [1m[32mINSERT INTO "users" ("username", "encrypted_password", "created_at", "updated_at") VALUES (?, ?, ?, ?)[0m  [["username", "MartinAdmin"], ["encrypted_password", "$2a$11$aOIzIaDBZOLylvKA20E4SeUOHdwgzXm4sJhlPiJKHHweWwXNccvqW"], ["created_at", "2018-11-09 19:46:30.726665"], ["updated_at", "2018-11-09 19:46:30.726665"]]
  [1m[35m (10.9ms)[0m  [1m[36mcommit transaction[0m
Redirected to http://localhost:3000/users
Completed 302 Found in 412ms (ActiveRecord: 25.3ms)


Started GET "/users" for 127.0.0.1 at 2018-11-09 13:46:30 -0600
Processing by RailsAdmin::MainController#index as HTML
  Parameters: {"model_name"=>"s"}
  [1m[36mUser Load (0.2ms)[0m  [1m[34mSELECT  "users".* FROM "users" WHERE "users"."id" = ? ORDER BY "users"."id" ASC LIMIT ?[0m  [["id", 1], ["LIMIT", 1]]
  [1m[35m (0.2ms)[0m  [1m[34mSELECT COUNT(*) FROM "horarios"[0m
  [1m[36mHorario Load (0.2ms)[0m  [1m[34mSELECT  "horarios".* FROM "horarios" ORDER BY "horarios"."id" DESC LIMIT ?[0m  [["LIMIT", 1]]
  [1m[35m (0.1ms)[0m  [1m[34mSELECT COUNT(*) FROM "nutriologos"[0m
  [1m[36mNutriologo Load (0.3ms)[0m  [1m[34mSELECT  "nutriologos".* FROM "nutriologos" ORDER BY "nutriologos"."id" DESC LIMIT ?[0m  [["LIMIT", 1]]
  [1m[35m (0.2ms)[0m  [1m[34mSELECT COUNT(*) FROM "pacientes"[0m
  [1m[36mPaciente Load (0.2ms)[0m  [1m[34mSELECT  "pacientes".* FROM "pacientes" ORDER BY "pacientes"."id" DESC LIMIT ?[0m  [["LIMIT", 1]]
  [1m[35m (0.1ms)[0m  [1m[34mSELECT COUNT(*) FROM "sesions"[0m
  [1m[36mSesion Load (0.2ms)[0m  [1m[34mSELECT  "sesions".* FROM "sesions" ORDER BY "sesions"."id" DESC LIMIT ?[0m  [["LIMIT", 1]]
  [1m[35m (0.2ms)[0m  [1m[34mSELECT COUNT(*) FROM "users"[0m
  [1m[36mUser Load (0.1ms)[0m  [1m[34mSELECT  "users".* FROM "users" ORDER BY "users"."id" DESC LIMIT ?[0m  [["LIMIT", 1]]
  Rendering /home/martin/.rvm/gems/ruby-2.5.1/gems/rails_admin-1.4.2/app/views/rails_admin/main/dashboard.html.haml within layouts/rails_admin/application
  Rendered /home/martin/.rvm/gems/ruby-2.5.1/gems/rails_admin-1.4.2/app/views/rails_admin/main/dashboard.html.haml within layouts/rails_admin/application (65.8ms)
  Rendered /home/martin/.rvm/gems/ruby-2.5.1/gems/rails_admin-1.4.2/app/views/layouts/rails_admin/_secondary_navigation.html.haml (5.0ms)
  Rendered /home/martin/.rvm/gems/ruby-2.5.1/gems/rails_admin-1.4.2/app/views/layouts/rails_admin/_navigation.html.haml (65.6ms)
  Rendered /home/martin/.rvm/gems/ruby-2.5.1/gems/rails_admin-1.4.2/app/views/layouts/rails_admin/_sidebar_navigation.html.haml (27.0ms)
  Rendering /home/martin/.rvm/gems/ruby-2.5.1/gems/rails_admin-1.4.2/app/views/layouts/rails_admin/pjax.html.haml
  Rendered /home/martin/.rvm/gems/ruby-2.5.1/gems/rails_admin-1.4.2/app/views/layouts/rails_admin/pjax.html.haml (29.1ms)
Completed 404 Not Found in 3331ms (Views: 1079.1ms | ActiveRecord: 4.7ms)


Started GET "/user/horario?_pjax=%5Bdata-pjax-container%5D" for 127.0.0.1 at 2018-11-09 13:46:41 -0600
Processing by RailsAdmin::MainController#index as HTML
  Parameters: {"_pjax"=>"[data-pjax-container]", "model_name"=>"horario"}
  [1m[36mUser Load (0.3ms)[0m  [1m[34mSELECT  "users".* FROM "users" WHERE "users"."id" = ? ORDER BY "users"."id" ASC LIMIT ?[0m  [["id", 1], ["LIMIT", 1]]
  Rendering /home/martin/.rvm/gems/ruby-2.5.1/gems/rails_admin-1.4.2/app/views/rails_admin/main/index.html.haml within layouts/rails_admin/pjax
  [1m[36mHorario Load (0.2ms)[0m  [1m[34mSELECT  "horarios".* FROM "horarios" ORDER BY horarios.id desc LIMIT ? OFFSET ?[0m  [["LIMIT", 20], ["OFFSET", 0]]
  Rendered /home/martin/.rvm/gems/ruby-2.5.1/gems/rails_admin-1.4.2/app/views/rails_admin/main/index.html.haml within layouts/rails_admin/pjax (166.1ms)
Completed 200 OK in 320ms (Views: 204.0ms | ActiveRecord: 0.5ms)


Started GET "/user/horario/new?_pjax=%5Bdata-pjax-container%5D" for 127.0.0.1 at 2018-11-09 13:46:45 -0600
Processing by RailsAdmin::MainController#new as HTML
  Parameters: {"_pjax"=>"[data-pjax-container]", "model_name"=>"horario"}
  [1m[36mUser Load (0.2ms)[0m  [1m[34mSELECT  "users".* FROM "users" WHERE "users"."id" = ? ORDER BY "users"."id" ASC LIMIT ?[0m  [["id", 1], ["LIMIT", 1]]
  Rendering /home/martin/.rvm/gems/ruby-2.5.1/gems/rails_admin-1.4.2/app/views/rails_admin/main/new.html.haml within layouts/rails_admin/pjax
  Rendered /home/martin/.rvm/gems/ruby-2.5.1/gems/rails_admin-1.4.2/app/views/rails_admin/main/_form_datetime.html.haml (5.2ms)
  Rendered /home/martin/.rvm/gems/ruby-2.5.1/gems/rails_admin-1.4.2/app/views/rails_admin/main/_form_boolean.html.haml (2.2ms)
  Rendered /home/martin/.rvm/gems/ruby-2.5.1/gems/rails_admin-1.4.2/app/views/rails_admin/main/_form_field.html.haml (1.7ms)
  Rendered /home/martin/.rvm/gems/ruby-2.5.1/gems/rails_admin-1.4.2/app/views/rails_admin/main/_form_field.html.haml (8.9ms)
  Rendered /home/martin/.rvm/gems/ruby-2.5.1/gems/rails_admin-1.4.2/app/views/rails_admin/main/_submit_buttons.html.haml (15.8ms)
  Rendered /home/martin/.rvm/gems/ruby-2.5.1/gems/rails_admin-1.4.2/app/views/rails_admin/main/new.html.haml within layouts/rails_admin/pjax (72.3ms)
Completed 200 OK in 181ms (Views: 112.8ms | ActiveRecord: 0.2ms)


Started POST "/user/horario/new" for 127.0.0.1 at 2018-11-09 13:47:05 -0600
Processing by RailsAdmin::MainController#new as HTML
  Parameters: {"utf8"=>"✓", "authenticity_token"=>"TayqBNfL6egpyG+7HJD9N8DNMEuTcfvPifdUliFqxFqdsTIw56D2aqdbpYXtvviYtnXXSoagl7Zu+c6uIzpiwg==", "horario"=>{"hora_disponible"=>"November 15, 2018 13:09", "apartada"=>"0", "sede"=>"", "nutriologo_id"=>""}, "return_to"=>"http://localhost:3000/user/horario", "_save"=>"", "model_name"=>"horario"}
  [1m[36mUser Load (0.2ms)[0m  [1m[34mSELECT  "users".* FROM "users" WHERE "users"."id" = ? ORDER BY "users"."id" ASC LIMIT ?[0m  [["id", 1], ["LIMIT", 1]]
  [1m[35m (0.1ms)[0m  [1m[36mbegin transaction[0m
  [1m[35mSQL (8.3ms)[0m  [1m[32mINSERT INTO "horarios" ("hora_disponible", "sede", "created_at", "updated_at") VALUES (?, ?, ?, ?)[0m  [["hora_disponible", "2018-11-15 13:09:00"], ["sede", ""], ["created_at", "2018-11-09 19:47:05.178112"], ["updated_at", "2018-11-09 19:47:05.178112"]]
  [1m[35m (5.2ms)[0m  [1m[36mcommit transaction[0m
Redirected to http://localhost:3000/user/horario
Completed 302 Found in 55ms (ActiveRecord: 13.8ms)


Started GET "/user/horario" for 127.0.0.1 at 2018-11-09 13:47:05 -0600
Processing by RailsAdmin::MainController#index as HTML
  Parameters: {"model_name"=>"horario"}
  [1m[36mUser Load (0.2ms)[0m  [1m[34mSELECT  "users".* FROM "users" WHERE "users"."id" = ? ORDER BY "users"."id" ASC LIMIT ?[0m  [["id", 1], ["LIMIT", 1]]
  Rendering /home/martin/.rvm/gems/ruby-2.5.1/gems/rails_admin-1.4.2/app/views/rails_admin/main/index.html.haml within layouts/rails_admin/application
  [1m[36mHorario Load (4.4ms)[0m  [1m[34mSELECT  "horarios".* FROM "horarios" ORDER BY horarios.id desc LIMIT ? OFFSET ?[0m  [["LIMIT", 20], ["OFFSET", 0]]
  Rendered /home/martin/.rvm/gems/ruby-2.5.1/gems/rails_admin-1.4.2/app/views/rails_admin/main/index.html.haml within layouts/rails_admin/application (195.5ms)
  Rendered /home/martin/.rvm/gems/ruby-2.5.1/gems/rails_admin-1.4.2/app/views/layouts/rails_admin/_secondary_navigation.html.haml (26.9ms)
  Rendered /home/martin/.rvm/gems/ruby-2.5.1/gems/rails_admin-1.4.2/app/views/layouts/rails_admin/_navigation.html.haml (62.8ms)
  Rendered /home/martin/.rvm/gems/ruby-2.5.1/gems/rails_admin-1.4.2/app/views/layouts/rails_admin/_sidebar_navigation.html.haml (27.4ms)
  Rendering /home/martin/.rvm/gems/ruby-2.5.1/gems/rails_admin-1.4.2/app/views/layouts/rails_admin/pjax.html.haml
  Rendered /home/martin/.rvm/gems/ruby-2.5.1/gems/rails_admin-1.4.2/app/views/layouts/rails_admin/pjax.html.haml (32.6ms)
Completed 200 OK in 971ms (Views: 917.0ms | ActiveRecord: 4.6ms)


Started GET "/user/horario/1/edit?_pjax=%5Bdata-pjax-container%5D" for 127.0.0.1 at 2018-11-09 13:47:12 -0600
Processing by RailsAdmin::MainController#edit as HTML
  Parameters: {"_pjax"=>"[data-pjax-container]", "model_name"=>"horario", "id"=>"1"}
  [1m[36mUser Load (0.3ms)[0m  [1m[34mSELECT  "users".* FROM "users" WHERE "users"."id" = ? ORDER BY "users"."id" ASC LIMIT ?[0m  [["id", 1], ["LIMIT", 1]]
  [1m[36mHorario Load (0.2ms)[0m  [1m[34mSELECT  "horarios".* FROM "horarios" WHERE "horarios"."id" = ? ORDER BY "horarios"."id" ASC LIMIT ?[0m  [["id", 1], ["LIMIT", 1]]
  Rendering /home/martin/.rvm/gems/ruby-2.5.1/gems/rails_admin-1.4.2/app/views/rails_admin/main/edit.html.haml within layouts/rails_admin/pjax
  Rendered /home/martin/.rvm/gems/ruby-2.5.1/gems/rails_admin-1.4.2/app/views/rails_admin/main/_form_datetime.html.haml (15.1ms)
  Rendered /home/martin/.rvm/gems/ruby-2.5.1/gems/rails_admin-1.4.2/app/views/rails_admin/main/_form_boolean.html.haml (6.0ms)
  Rendered /home/martin/.rvm/gems/ruby-2.5.1/gems/rails_admin-1.4.2/app/views/rails_admin/main/_form_field.html.haml (6.0ms)
  Rendered /home/martin/.rvm/gems/ruby-2.5.1/gems/rails_admin-1.4.2/app/views/rails_admin/main/_form_field.html.haml (0.2ms)
  Rendered /home/martin/.rvm/gems/ruby-2.5.1/gems/rails_admin-1.4.2/app/views/rails_admin/main/_submit_buttons.html.haml (22.6ms)
  Rendered /home/martin/.rvm/gems/ruby-2.5.1/gems/rails_admin-1.4.2/app/views/rails_admin/main/edit.html.haml within layouts/rails_admin/pjax (91.0ms)
Completed 200 OK in 203ms (Views: 124.1ms | ActiveRecord: 0.5ms)


Started PUT "/user/horario/1/edit" for 127.0.0.1 at 2018-11-09 13:47:35 -0600
Processing by RailsAdmin::MainController#edit as HTML
  Parameters: {"utf8"=>"✓", "authenticity_token"=>"oeaNuUJlrxC+T4JgzApurnJ4RMGF+XOzg/B9I2sWWvu/D3byC5cxkEd3YMZ97ZK8fAi/kowqQgUb+D2i/zvGJQ==", "horario"=>{"hora_disponible"=>"November 15, 2018 13:09", "apartada"=>"1", "sede"=>"", "nutriologo_id"=>""}, "return_to"=>"http://localhost:3000/user/horario", "_save"=>"", "model_name"=>"horario", "id"=>"1"}
  [1m[36mUser Load (0.2ms)[0m  [1m[34mSELECT  "users".* FROM "users" WHERE "users"."id" = ? ORDER BY "users"."id" ASC LIMIT ?[0m  [["id", 1], ["LIMIT", 1]]
  [1m[36mHorario Load (0.3ms)[0m  [1m[34mSELECT  "horarios".* FROM "horarios" WHERE "horarios"."id" = ? ORDER BY "horarios"."id" ASC LIMIT ?[0m  [["id", 1], ["LIMIT", 1]]
  [1m[35m (0.1ms)[0m  [1m[36mbegin transaction[0m
  [1m[35mSQL (22.2ms)[0m  [1m[33mUPDATE "horarios" SET "apartada" = ?, "updated_at" = ? WHERE "horarios"."id" = ?[0m  [["apartada", "t"], ["updated_at", "2018-11-09 19:47:35.447053"], ["id", 1]]
  [1m[35m (24.5ms)[0m  [1m[36mcommit transaction[0m
Redirected to http://localhost:3000/user/horario
Completed 302 Found in 125ms (ActiveRecord: 47.3ms)


Started GET "/user/horario" for 127.0.0.1 at 2018-11-09 13:47:35 -0600
Processing by RailsAdmin::MainController#index as HTML
  Parameters: {"model_name"=>"horario"}
  [1m[36mUser Load (0.3ms)[0m  [1m[34mSELECT  "users".* FROM "users" WHERE "users"."id" = ? ORDER BY "users"."id" ASC LIMIT ?[0m  [["id", 1], ["LIMIT", 1]]
  Rendering /home/martin/.rvm/gems/ruby-2.5.1/gems/rails_admin-1.4.2/app/views/rails_admin/main/index.html.haml within layouts/rails_admin/application
  [1m[36mHorario Load (0.2ms)[0m  [1m[34mSELECT  "horarios".* FROM "horarios" ORDER BY horarios.id desc LIMIT ? OFFSET ?[0m  [["LIMIT", 20], ["OFFSET", 0]]
  Rendered /home/martin/.rvm/gems/ruby-2.5.1/gems/rails_admin-1.4.2/app/views/rails_admin/main/index.html.haml within layouts/rails_admin/application (99.6ms)
  Rendered /home/martin/.rvm/gems/ruby-2.5.1/gems/rails_admin-1.4.2/app/views/layouts/rails_admin/_secondary_navigation.html.haml (7.5ms)
  Rendered /home/martin/.rvm/gems/ruby-2.5.1/gems/rails_admin-1.4.2/app/views/layouts/rails_admin/_navigation.html.haml (31.1ms)
  Rendered /home/martin/.rvm/gems/ruby-2.5.1/gems/rails_admin-1.4.2/app/views/layouts/rails_admin/_sidebar_navigation.html.haml (4.8ms)
  Rendering /home/martin/.rvm/gems/ruby-2.5.1/gems/rails_admin-1.4.2/app/views/layouts/rails_admin/pjax.html.haml
  Rendered /home/martin/.rvm/gems/ruby-2.5.1/gems/rails_admin-1.4.2/app/views/layouts/rails_admin/pjax.html.haml (18.9ms)
Completed 200 OK in 697ms (Views: 662.9ms | ActiveRecord: 0.5ms)


Started GET "/user/horario/1/edit?_pjax=%5Bdata-pjax-container%5D" for 127.0.0.1 at 2018-11-09 13:48:03 -0600
Processing by RailsAdmin::MainController#edit as HTML
  Parameters: {"_pjax"=>"[data-pjax-container]", "model_name"=>"horario", "id"=>"1"}
  [1m[36mUser Load (0.3ms)[0m  [1m[34mSELECT  "users".* FROM "users" WHERE "users"."id" = ? ORDER BY "users"."id" ASC LIMIT ?[0m  [["id", 1], ["LIMIT", 1]]
  [1m[36mHorario Load (0.4ms)[0m  [1m[34mSELECT  "horarios".* FROM "horarios" WHERE "horarios"."id" = ? ORDER BY "horarios"."id" ASC LIMIT ?[0m  [["id", 1], ["LIMIT", 1]]
  Rendering /home/martin/.rvm/gems/ruby-2.5.1/gems/rails_admin-1.4.2/app/views/rails_admin/main/edit.html.haml within layouts/rails_admin/pjax
  Rendered /home/martin/.rvm/gems/ruby-2.5.1/gems/rails_admin-1.4.2/app/views/rails_admin/main/_form_datetime.html.haml (22.0ms)
  Rendered /home/martin/.rvm/gems/ruby-2.5.1/gems/rails_admin-1.4.2/app/views/rails_admin/main/_form_boolean.html.haml (6.5ms)
  Rendered /home/martin/.rvm/gems/ruby-2.5.1/gems/rails_admin-1.4.2/app/views/rails_admin/main/_form_field.html.haml (1.6ms)
  Rendered /home/martin/.rvm/gems/ruby-2.5.1/gems/rails_admin-1.4.2/app/views/rails_admin/main/_form_field.html.haml (0.2ms)
  Rendered /home/martin/.rvm/gems/ruby-2.5.1/gems/rails_admin-1.4.2/app/views/rails_admin/main/_submit_buttons.html.haml (23.4ms)
  Rendered /home/martin/.rvm/gems/ruby-2.5.1/gems/rails_admin-1.4.2/app/views/rails_admin/main/edit.html.haml within layouts/rails_admin/pjax (70.6ms)
Completed 200 OK in 190ms (Views: 114.0ms | ActiveRecord: 0.7ms)


Started GET "/user/paciente?_pjax=%5Bdata-pjax-container%5D" for 127.0.0.1 at 2018-11-09 13:48:38 -0600
Processing by RailsAdmin::MainController#index as HTML
  Parameters: {"_pjax"=>"[data-pjax-container]", "model_name"=>"paciente"}
  [1m[36mUser Load (0.2ms)[0m  [1m[34mSELECT  "users".* FROM "users" WHERE "users"."id" = ? ORDER BY "users"."id" ASC LIMIT ?[0m  [["id", 1], ["LIMIT", 1]]
  Rendering /home/martin/.rvm/gems/ruby-2.5.1/gems/rails_admin-1.4.2/app/views/rails_admin/main/index.html.haml within layouts/rails_admin/pjax
  [1m[36mPaciente Load (0.3ms)[0m  [1m[34mSELECT  "pacientes".* FROM "pacientes" ORDER BY pacientes.id desc LIMIT ? OFFSET ?[0m  [["LIMIT", 20], ["OFFSET", 0]]
  Rendered /home/martin/.rvm/gems/ruby-2.5.1/gems/rails_admin-1.4.2/app/views/rails_admin/main/index.html.haml within layouts/rails_admin/pjax (77.0ms)
Completed 200 OK in 210ms (Views: 102.9ms | ActiveRecord: 0.5ms)


Started GET "/user/sesion?_pjax=%5Bdata-pjax-container%5D" for 127.0.0.1 at 2018-11-09 13:48:41 -0600
Processing by RailsAdmin::MainController#index as HTML
  Parameters: {"_pjax"=>"[data-pjax-container]", "model_name"=>"sesion"}
  [1m[36mUser Load (0.2ms)[0m  [1m[34mSELECT  "users".* FROM "users" WHERE "users"."id" = ? ORDER BY "users"."id" ASC LIMIT ?[0m  [["id", 1], ["LIMIT", 1]]
  Rendering /home/martin/.rvm/gems/ruby-2.5.1/gems/rails_admin-1.4.2/app/views/rails_admin/main/index.html.haml within layouts/rails_admin/pjax
  [1m[36mSesion Load (8.3ms)[0m  [1m[34mSELECT  "sesions".* FROM "sesions" ORDER BY sesions.id desc LIMIT ? OFFSET ?[0m  [["LIMIT", 20], ["OFFSET", 0]]
  Rendered /home/martin/.rvm/gems/ruby-2.5.1/gems/rails_admin-1.4.2/app/views/rails_admin/main/index.html.haml within layouts/rails_admin/pjax (100.2ms)
Completed 200 OK in 237ms (Views: 122.8ms | ActiveRecord: 8.5ms)


Started GET "/user/user?_pjax=%5Bdata-pjax-container%5D" for 127.0.0.1 at 2018-11-09 13:48:42 -0600
Processing by RailsAdmin::MainController#index as HTML
  Parameters: {"_pjax"=>"[data-pjax-container]", "model_name"=>"user"}
  [1m[36mUser Load (0.2ms)[0m  [1m[34mSELECT  "users".* FROM "users" WHERE "users"."id" = ? ORDER BY "users"."id" ASC LIMIT ?[0m  [["id", 1], ["LIMIT", 1]]
  Rendering /home/martin/.rvm/gems/ruby-2.5.1/gems/rails_admin-1.4.2/app/views/rails_admin/main/index.html.haml within layouts/rails_admin/pjax
  [1m[36mUser Load (0.3ms)[0m  [1m[34mSELECT  "users".* FROM "users" ORDER BY users.id desc LIMIT ? OFFSET ?[0m  [["LIMIT", 20], ["OFFSET", 0]]
  Rendered /home/martin/.rvm/gems/ruby-2.5.1/gems/rails_admin-1.4.2/app/views/rails_admin/main/index.html.haml within layouts/rails_admin/pjax (122.2ms)
Completed 200 OK in 251ms (Views: 159.1ms | ActiveRecord: 0.5ms)


Started GET "/user/user?model_name=user&utf8=%E2%9C%93&query=mart&_pjax=%5Bdata-pjax-container%5D" for 127.0.0.1 at 2018-11-09 13:48:50 -0600
Processing by RailsAdmin::MainController#index as HTML
  Parameters: {"model_name"=>"user", "utf8"=>"✓", "query"=>"mart", "_pjax"=>"[data-pjax-container]"}
  [1m[36mUser Load (0.2ms)[0m  [1m[34mSELECT  "users".* FROM "users" WHERE "users"."id" = ? ORDER BY "users"."id" ASC LIMIT ?[0m  [["id", 1], ["LIMIT", 1]]
  Rendering /home/martin/.rvm/gems/ruby-2.5.1/gems/rails_admin-1.4.2/app/views/rails_admin/main/index.html.haml within layouts/rails_admin/pjax
  [1m[36mUser Load (3.3ms)[0m  [1m[34mSELECT  "users".* FROM "users" WHERE ((LOWER(users.username) LIKE '%mart%') OR (LOWER(users.reset_password_token) LIKE '%mart%')) ORDER BY users.id desc LIMIT ? OFFSET ?[0m  [["LIMIT", 20], ["OFFSET", 0]]
  Rendered /home/martin/.rvm/gems/ruby-2.5.1/gems/rails_admin-1.4.2/app/views/rails_admin/main/index.html.haml within layouts/rails_admin/pjax (78.9ms)
Completed 200 OK in 201ms (Views: 120.5ms | ActiveRecord: 3.6ms)


Started GET "/admin" for 127.0.0.1 at 2018-11-09 14:23:50 -0600
  [1m[35m (0.2ms)[0m  [1m[34mSELECT "schema_migrations"."version" FROM "schema_migrations" ORDER BY "schema_migrations"."version" ASC[0m
  
ActionController::RoutingError (No route matches [GET] "/admin"):
  
actionpack (5.1.6) lib/action_dispatch/middleware/debug_exceptions.rb:63:in `call'
web-console (3.7.0) lib/web_console/middleware.rb:135:in `call_app'
web-console (3.7.0) lib/web_console/middleware.rb:30:in `block in call'
web-console (3.7.0) lib/web_console/middleware.rb:20:in `catch'
web-console (3.7.0) lib/web_console/middleware.rb:20:in `call'
actionpack (5.1.6) lib/action_dispatch/middleware/show_exceptions.rb:31:in `call'
railties (5.1.6) lib/rails/rack/logger.rb:36:in `call_app'
railties (5.1.6) lib/rails/rack/logger.rb:24:in `block in call'
activesupport (5.1.6) lib/active_support/tagged_logging.rb:69:in `block in tagged'
activesupport (5.1.6) lib/active_support/tagged_logging.rb:26:in `tagged'
activesupport (5.1.6) lib/active_support/tagged_logging.rb:69:in `tagged'
railties (5.1.6) lib/rails/rack/logger.rb:24:in `call'
sprockets-rails (3.2.1) lib/sprockets/rails/quiet_assets.rb:13:in `call'
actionpack (5.1.6) lib/action_dispatch/middleware/remote_ip.rb:79:in `call'
actionpack (5.1.6) lib/action_dispatch/middleware/request_id.rb:25:in `call'
rack (2.0.5) lib/rack/method_override.rb:22:in `call'
rack (2.0.5) lib/rack/runtime.rb:22:in `call'
activesupport (5.1.6) lib/active_support/cache/strategy/local_cache_middleware.rb:27:in `call'
actionpack (5.1.6) lib/action_dispatch/middleware/executor.rb:12:in `call'
actionpack (5.1.6) lib/action_dispatch/middleware/static.rb:125:in `call'
rack (2.0.5) lib/rack/sendfile.rb:111:in `call'
railties (5.1.6) lib/rails/engine.rb:522:in `call'
puma (3.12.0) lib/puma/configuration.rb:225:in `call'
puma (3.12.0) lib/puma/server.rb:658:in `handle_request'
puma (3.12.0) lib/puma/server.rb:472:in `process_client'
puma (3.12.0) lib/puma/server.rb:332:in `block in run'
puma (3.12.0) lib/puma/thread_pool.rb:133:in `block in spawn_thread'
